<?xml version="1.0" encoding="UTF-8"?>
<!-- Generated by org.testng.reporters.JUnitReportReporter -->
<testsuite hostname="IN-JDGZ9K3" failures="0" tests="1" name="Selenium.SeleniumHome.Base" time="7.547" errors="0" timestamp="2023-01-20T14:07:34 IST" skipped="0">
  <testcase classname="Selenium.SeleniumHome.Base" name="openURL" time="7.547"/>
  <system-out/>
</testsuite> <!-- Selenium.SeleniumHome.Base -->
