<?xml version="1.0" encoding="UTF-8"?>
<!-- Generated by org.testng.reporters.JUnitReportReporter -->
<testsuite hostname="IN-JDGZ9K3" failures="0" tests="1" name="Selenium.SeleniumHome.Tests.ShowCartPageTest" time="3.540" errors="0" timestamp="2023-01-25T21:50:51 IST" skipped="0">
  <testcase classname="Selenium.SeleniumHome.Tests.ShowCartPageTest" name="showCart" time="3.540"/>
  <system-out/>
</testsuite> <!-- Selenium.SeleniumHome.Tests.ShowCartPageTest -->
