<?xml version="1.0" encoding="UTF-8"?>
<!-- Generated by org.testng.reporters.JUnitReportReporter -->
<testsuite hostname="IN-JDGZ9K3" failures="0" tests="1" name="Selenium.SeleniumHome.ShowCartItemTest" time="2.571" errors="0" timestamp="2023-01-25T16:55:33 IST" skipped="0">
  <testcase classname="Selenium.SeleniumHome.ShowCartItemTest" name="showCartItem" time="2.571"/>
  <system-out/>
</testsuite> <!-- Selenium.SeleniumHome.ShowCartItemTest -->
