<?xml version="1.0" encoding="UTF-8"?>
<!-- Generated by org.testng.reporters.JUnitReportReporter -->
<testsuite hostname="IN-JDGZ9K3" failures="0" tests="1" name="Selenium.SeleniumHome.LoginTest" time="6.347" errors="0" timestamp="2023-01-25T16:45:07 IST" skipped="0">
  <testcase classname="Selenium.SeleniumHome.LoginTest" name="login" time="6.347"/>
  <system-out/>
</testsuite> <!-- Selenium.SeleniumHome.LoginTest -->
