<?xml version="1.0" encoding="UTF-8"?>
<!-- Generated by org.testng.reporters.JUnitReportReporter -->
<testsuite hostname="IN-JDGZ9K3" failures="0" tests="1" name="Selenium.SeleniumHome.DragAndDropPageTest" time="44.493" errors="0" timestamp="2023-01-25T17:49:38 IST" skipped="0">
  <testcase classname="Selenium.SeleniumHome.DragAndDropPageTest" name="dragAndDrop" time="44.493"/>
  <system-out/>
</testsuite> <!-- Selenium.SeleniumHome.DragAndDropPageTest -->
