<?xml version="1.0" encoding="UTF-8"?>
<!-- Generated by org.testng.reporters.JUnitReportReporter -->
<testsuite hostname="IN-JDGZ9K3" failures="0" tests="1" name="Selenium.SeleniumHome.AddToCartTest" time="17.843" errors="0" timestamp="2023-01-25T16:48:07 IST" skipped="0">
  <testcase classname="Selenium.SeleniumHome.AddToCartTest" name="addToCart" time="17.843"/>
  <system-out/>
</testsuite> <!-- Selenium.SeleniumHome.AddToCartTest -->
