<?xml version="1.0" encoding="UTF-8"?>
<!-- Generated by org.testng.reporters.JUnitReportReporter -->
<testsuite hostname="IN-JDGZ9K3" failures="0" tests="1" name="Selenium.SeleniumHome.SliderPageTest" time="11.711" errors="0" timestamp="2023-01-25T18:34:26 IST" skipped="0">
  <testcase classname="Selenium.SeleniumHome.SliderPageTest" name="slider" time="11.711"/>
  <system-out/>
</testsuite> <!-- Selenium.SeleniumHome.SliderPageTest -->
